Added Component: Designator=C1(C0603)
Add component. Clean all parameters for all variants
Added Component: Designator=C2(C0603)
Add component. Clean all parameters for all variants
Added Component: Designator=C3(C0603)
Add component. Clean all parameters for all variants
Added Component: Designator=C4(C0603)
Add component. Clean all parameters for all variants
Added Component: Designator=C5(C0603)
Add component. Clean all parameters for all variants
Added Component: Designator=C6(C0603)
Add component. Clean all parameters for all variants
Added Component: Designator=C7(C0603)
Add component. Clean all parameters for all variants
Added Component: Designator=C8(C0603)
Add component. Clean all parameters for all variants
Added Component: Designator=C9(C0603)
Add component. Clean all parameters for all variants
Add component (AddParameter): Name = ""; Value = "无编码 有封装"; VariantName = "[No Variations]"
Add component (AddParameter): Name = "供应商"; Value = ""; VariantName = "[No Variations]"
Add component (AddParameter): Name = "备注"; Value = ""; VariantName = "[No Variations]"
Add component (AddParameter): Name = "生产商"; Value = "风华 三星"; VariantName = "[No Variations]"
Add component (AddParameter): Name = "规格型号"; Value = "10uF±10%_50V_X7R_C0603"; VariantName = "[No Variations]"
Added Component: Designator=C10(C0402)
Add component. Clean all parameters for all variants
Add component (AddParameter): Name = ""; Value = "无编码 有封装"; VariantName = "[No Variations]"
Add component (AddParameter): Name = "供应商"; Value = ""; VariantName = "[No Variations]"
Add component (AddParameter): Name = "备注"; Value = ""; VariantName = "[No Variations]"
Add component (AddParameter): Name = "生产商"; Value = "风华 三星"; VariantName = "[No Variations]"
Add component (AddParameter): Name = "规格型号"; Value = "100nF±5%_10V_X7R_C0402"; VariantName = "[No Variations]"
Added Component: Designator=C11(C0805)
Add component. Clean all parameters for all variants
Add component (AddParameter): Name = ""; Value = "无封装无编码"; VariantName = "[No Variations]"
Add component (AddParameter): Name = "供应商"; Value = ""; VariantName = "[No Variations]"
Add component (AddParameter): Name = "备注"; Value = ""; VariantName = "[No Variations]"
Add component (AddParameter): Name = "生产商"; Value = "风华 三星"; VariantName = "[No Variations]"
Add component (AddParameter): Name = "规格型号"; Value = "22uF±20%_50V_Y5V_C0805"; VariantName = "[No Variations]"
Added Component: Designator=C12(C0603)
Add component. Clean all parameters for all variants
Add component (AddParameter): Name = ""; Value = "无编码 有封装"; VariantName = "[No Variations]"
Add component (AddParameter): Name = "供应商"; Value = ""; VariantName = "[No Variations]"
Add component (AddParameter): Name = "备注"; Value = ""; VariantName = "[No Variations]"
Add component (AddParameter): Name = "生产商"; Value = "风华 三星"; VariantName = "[No Variations]"
Add component (AddParameter): Name = "规格型号"; Value = "10uF±10%_50V_X7R_C0603"; VariantName = "[No Variations]"
Added Component: Designator=C13(C0603)
Add component. Clean all parameters for all variants
Add component (AddParameter): Name = ""; Value = "无编码 有封装"; VariantName = "[No Variations]"
Add component (AddParameter): Name = "供应商"; Value = ""; VariantName = "[No Variations]"
Add component (AddParameter): Name = "备注"; Value = ""; VariantName = "[No Variations]"
Add component (AddParameter): Name = "生产商"; Value = "风华 三星"; VariantName = "[No Variations]"
Add component (AddParameter): Name = "规格型号"; Value = "1uF±10%_16V_X7R_C0603"; VariantName = "[No Variations]"
Added Component: Designator=C14(C0805)
Add component. Clean all parameters for all variants
Add component (AddParameter): Name = ""; Value = "无封装无编码"; VariantName = "[No Variations]"
Add component (AddParameter): Name = "供应商"; Value = ""; VariantName = "[No Variations]"
Add component (AddParameter): Name = "备注"; Value = ""; VariantName = "[No Variations]"
Add component (AddParameter): Name = "生产商"; Value = "风华 三星"; VariantName = "[No Variations]"
Add component (AddParameter): Name = "规格型号"; Value = "22uF±20%_50V_Y5V_C0805"; VariantName = "[No Variations]"
Added Component: Designator=C15(C0603)
Add component. Clean all parameters for all variants
Add component (AddParameter): Name = ""; Value = "无编码 有封装"; VariantName = "[No Variations]"
Add component (AddParameter): Name = "供应商"; Value = ""; VariantName = "[No Variations]"
Add component (AddParameter): Name = "备注"; Value = ""; VariantName = "[No Variations]"
Add component (AddParameter): Name = "生产商"; Value = "风华 三星"; VariantName = "[No Variations]"
Add component (AddParameter): Name = "规格型号"; Value = "1uF±10%_16V_X7R_C0603"; VariantName = "[No Variations]"
Added Component: Designator=C16(C0402)
Add component. Clean all parameters for all variants
Add component (AddParameter): Name = ""; Value = "无编码 有封装"; VariantName = "[No Variations]"
Add component (AddParameter): Name = "供应商"; Value = ""; VariantName = "[No Variations]"
Add component (AddParameter): Name = "备注"; Value = ""; VariantName = "[No Variations]"
Add component (AddParameter): Name = "生产商"; Value = "风华 三星"; VariantName = "[No Variations]"
Add component (AddParameter): Name = "规格型号"; Value = "100nF±5%_10V_X7R_C0402"; VariantName = "[No Variations]"
Added Component: Designator=C17(C0402)
Add component. Clean all parameters for all variants
Add component (AddParameter): Name = ""; Value = "无编码 有封装"; VariantName = "[No Variations]"
Add component (AddParameter): Name = "供应商"; Value = ""; VariantName = "[No Variations]"
Add component (AddParameter): Name = "备注"; Value = ""; VariantName = "[No Variations]"
Add component (AddParameter): Name = "生产商"; Value = "风华 三星"; VariantName = "[No Variations]"
Add component (AddParameter): Name = "规格型号"; Value = "100nF±5%_10V_X7R_C0402"; VariantName = "[No Variations]"
Added Component: Designator=C18(C0402)
Add component. Clean all parameters for all variants
Add component (AddParameter): Name = ""; Value = "无编码 有封装"; VariantName = "[No Variations]"
Add component (AddParameter): Name = "供应商"; Value = ""; VariantName = "[No Variations]"
Add component (AddParameter): Name = "备注"; Value = ""; VariantName = "[No Variations]"
Add component (AddParameter): Name = "生产商"; Value = "风华 三星"; VariantName = "[No Variations]"
Add component (AddParameter): Name = "规格型号"; Value = "100nF±5%_10V_X7R_C0402"; VariantName = "[No Variations]"
Added Component: Designator=C19(C0402)
Add component. Clean all parameters for all variants
Add component (AddParameter): Name = ""; Value = "无编码 有封装"; VariantName = "[No Variations]"
Add component (AddParameter): Name = "供应商"; Value = ""; VariantName = "[No Variations]"
Add component (AddParameter): Name = "备注"; Value = ""; VariantName = "[No Variations]"
Add component (AddParameter): Name = "生产商"; Value = "风华 三星"; VariantName = "[No Variations]"
Add component (AddParameter): Name = "规格型号"; Value = "100nF±5%_10V_X7R_C0402"; VariantName = "[No Variations]"
Added Component: Designator=C20(C0402)
Add component. Clean all parameters for all variants
Add component (AddParameter): Name = ""; Value = "无编码 有封装"; VariantName = "[No Variations]"
Add component (AddParameter): Name = "供应商"; Value = ""; VariantName = "[No Variations]"
Add component (AddParameter): Name = "备注"; Value = ""; VariantName = "[No Variations]"
Add component (AddParameter): Name = "生产商"; Value = "风华 三星"; VariantName = "[No Variations]"
Add component (AddParameter): Name = "规格型号"; Value = "100nF±5%_10V_X7R_C0402"; VariantName = "[No Variations]"
Added Component: Designator=C21(C0402)
Add component. Clean all parameters for all variants
Add component (AddParameter): Name = ""; Value = "无编码 有封装"; VariantName = "[No Variations]"
Add component (AddParameter): Name = "供应商"; Value = ""; VariantName = "[No Variations]"
Add component (AddParameter): Name = "备注"; Value = ""; VariantName = "[No Variations]"
Add component (AddParameter): Name = "生产商"; Value = "风华 三星"; VariantName = "[No Variations]"
Add component (AddParameter): Name = "规格型号"; Value = "100nF±5%_10V_X7R_C0402"; VariantName = "[No Variations]"
Added Component: Designator=C22(C0402)
Add component. Clean all parameters for all variants
Add component (AddParameter): Name = ""; Value = "无编码 有封装"; VariantName = "[No Variations]"
Add component (AddParameter): Name = "供应商"; Value = ""; VariantName = "[No Variations]"
Add component (AddParameter): Name = "备注"; Value = ""; VariantName = "[No Variations]"
Add component (AddParameter): Name = "生产商"; Value = "风华 三星"; VariantName = "[No Variations]"
Add component (AddParameter): Name = "规格型号"; Value = "100nF±5%_10V_X7R_C0402"; VariantName = "[No Variations]"
Added Component: Designator=C23(C0402)
Add component. Clean all parameters for all variants
Add component (AddParameter): Name = ""; Value = "无编码 有封装"; VariantName = "[No Variations]"
Add component (AddParameter): Name = "供应商"; Value = ""; VariantName = "[No Variations]"
Add component (AddParameter): Name = "备注"; Value = ""; VariantName = "[No Variations]"
Add component (AddParameter): Name = "生产商"; Value = "风华 三星"; VariantName = "[No Variations]"
Add component (AddParameter): Name = "规格型号"; Value = "100nF±5%_10V_X7R_C0402"; VariantName = "[No Variations]"
Added Component: Designator=C24(C0402)
Add component. Clean all parameters for all variants
Add component (AddParameter): Name = ""; Value = "无编码 有封装"; VariantName = "[No Variations]"
Add component (AddParameter): Name = "供应商"; Value = ""; VariantName = "[No Variations]"
Add component (AddParameter): Name = "备注"; Value = ""; VariantName = "[No Variations]"
Add component (AddParameter): Name = "生产商"; Value = "风华 三星"; VariantName = "[No Variations]"
Add component (AddParameter): Name = "规格型号"; Value = "100nF±5%_10V_X7R_C0402"; VariantName = "[No Variations]"
Added Component: Designator=C25(C0402)
Add component. Clean all parameters for all variants
Add component (AddParameter): Name = ""; Value = "无编码 有封装"; VariantName = "[No Variations]"
Add component (AddParameter): Name = "供应商"; Value = ""; VariantName = "[No Variations]"
Add component (AddParameter): Name = "备注"; Value = ""; VariantName = "[No Variations]"
Add component (AddParameter): Name = "生产商"; Value = "风华 三星"; VariantName = "[No Variations]"
Add component (AddParameter): Name = "规格型号"; Value = "100nF±5%_10V_X7R_C0402"; VariantName = "[No Variations]"
Added Component: Designator=C26(C0402)
Add component. Clean all parameters for all variants
Add component (AddParameter): Name = ""; Value = "无编码 有封装"; VariantName = "[No Variations]"
Add component (AddParameter): Name = "供应商"; Value = ""; VariantName = "[No Variations]"
Add component (AddParameter): Name = "备注"; Value = ""; VariantName = "[No Variations]"
Add component (AddParameter): Name = "生产商"; Value = "风华 三星"; VariantName = "[No Variations]"
Add component (AddParameter): Name = "规格型号"; Value = "100nF±5%_10V_X7R_C0402"; VariantName = "[No Variations]"
Added Component: Designator=C27(C0402)
Add component. Clean all parameters for all variants
Add component (AddParameter): Name = ""; Value = "无编码 有封装"; VariantName = "[No Variations]"
Add component (AddParameter): Name = "供应商"; Value = ""; VariantName = "[No Variations]"
Add component (AddParameter): Name = "备注"; Value = ""; VariantName = "[No Variations]"
Add component (AddParameter): Name = "生产商"; Value = "风华 三星"; VariantName = "[No Variations]"
Add component (AddParameter): Name = "规格型号"; Value = "100nF±5%_10V_X7R_C0402"; VariantName = "[No Variations]"
Added Component: Designator=C28(C0402)
Add component. Clean all parameters for all variants
Add component (AddParameter): Name = ""; Value = "无编码 有封装"; VariantName = "[No Variations]"
Add component (AddParameter): Name = "供应商"; Value = ""; VariantName = "[No Variations]"
Add component (AddParameter): Name = "备注"; Value = ""; VariantName = "[No Variations]"
Add component (AddParameter): Name = "生产商"; Value = "风华 三星"; VariantName = "[No Variations]"
Add component (AddParameter): Name = "规格型号"; Value = "100nF±5%_10V_X7R_C0402"; VariantName = "[No Variations]"
Added Component: Designator=D1(DO-214)
Add component. Clean all parameters for all variants
Add component (AddParameter): Name = "PCB DECAL"; Value = "DO-214"; VariantName = "[No Variations]"
Add component (AddParameter): Name = "Value"; Value = "SMAJ5.0CA"; VariantName = "[No Variations]"
Added Component: Designator=D2(D-LED0603G)
Add component. Clean all parameters for all variants
Add component (AddParameter): Name = "供应商"; Value = ""; VariantName = "[No Variations]"
Add component (AddParameter): Name = "备注"; Value = ""; VariantName = "[No Variations]"
Add component (AddParameter): Name = "生产商"; Value = ""; VariantName = "[No Variations]"
Add component (AddParameter): Name = "规格型号"; Value = "0603-GREEN"; VariantName = "[No Variations]"
Add component (AddParameter): Name = "货品编码"; Value = "无样品无编码"; VariantName = "[No Variations]"
Added Component: Designator=D3(HS_0603D)
Add component. Clean all parameters for all variants
Add component (AddParameter): Name = "LatestRevisionDate"; Value = ""; VariantName = "[No Variations]"
Add component (AddParameter): Name = "LatestRevisionNote"; Value = ""; VariantName = "[No Variations]"
Add component (AddParameter): Name = "PackageReference"; Value = ""; VariantName = "[No Variations]"
Add component (AddParameter): Name = "Published"; Value = ""; VariantName = "[No Variations]"
Add component (AddParameter): Name = "Publisher"; Value = ""; VariantName = "[No Variations]"
Added Component: Designator=D4(HS_0603D)
Add component. Clean all parameters for all variants
Add component (AddParameter): Name = "LatestRevisionDate"; Value = ""; VariantName = "[No Variations]"
Add component (AddParameter): Name = "LatestRevisionNote"; Value = ""; VariantName = "[No Variations]"
Add component (AddParameter): Name = "PackageReference"; Value = ""; VariantName = "[No Variations]"
Add component (AddParameter): Name = "Published"; Value = ""; VariantName = "[No Variations]"
Add component (AddParameter): Name = "Publisher"; Value = ""; VariantName = "[No Variations]"
Added Component: Designator=J1(XH2.54-4P)
Add component. Clean all parameters for all variants
Added Component: Designator=J4(XH2.54-4P)
Add component. Clean all parameters for all variants
Added Component: Designator=J5(J-SH1.27 -4)
Add component. Clean all parameters for all variants
Add component (AddParameter): Name = "LatestRevisionDate"; Value = "17-Jul-2002"; VariantName = "[No Variations]"
Add component (AddParameter): Name = "LatestRevisionNote"; Value = "Re-released for DXP Platform."; VariantName = "[No Variations]"
Add component (AddParameter): Name = "Publisher"; Value = "Altium Limited"; VariantName = "[No Variations]"
Added Component: Designator=J6(J-SH1.27-2)
Add component. Clean all parameters for all variants
Add component (AddParameter): Name = "供应商"; Value = ""; VariantName = "[No Variations]"
Add component (AddParameter): Name = "备注"; Value = ""; VariantName = "[No Variations]"
Add component (AddParameter): Name = "生产商"; Value = ""; VariantName = "[No Variations]"
Add component (AddParameter): Name = "规格型号"; Value = "XH2.54-2P"; VariantName = "[No Variations]"
Add component (AddParameter): Name = "货品编码"; Value = "371007"; VariantName = "[No Variations]"
Added Component: Designator=J7(J-SH1.27-2)
Add component. Clean all parameters for all variants
Add component (AddParameter): Name = "供应商"; Value = ""; VariantName = "[No Variations]"
Add component (AddParameter): Name = "备注"; Value = ""; VariantName = "[No Variations]"
Add component (AddParameter): Name = "生产商"; Value = ""; VariantName = "[No Variations]"
Add component (AddParameter): Name = "规格型号"; Value = "XH2.54-2P"; VariantName = "[No Variations]"
Add component (AddParameter): Name = "货品编码"; Value = "371007"; VariantName = "[No Variations]"
Added Component: Designator=J8(XH2.54-4P)
Add component. Clean all parameters for all variants
Add component (AddParameter): Name = "LatestRevisionDate"; Value = "17-Jul-2002"; VariantName = "[No Variations]"
Add component (AddParameter): Name = "LatestRevisionNote"; Value = "Re-released for DXP Platform."; VariantName = "[No Variations]"
Add component (AddParameter): Name = "Publisher"; Value = "Altium Limited"; VariantName = "[No Variations]"
Added Component: Designator=J9(S2.54-3P)
Add component. Clean all parameters for all variants
Add component (AddParameter): Name = "供应商"; Value = ""; VariantName = "[No Variations]"
Add component (AddParameter): Name = "备注"; Value = ""; VariantName = "[No Variations]"
Add component (AddParameter): Name = "生产商"; Value = ""; VariantName = "[No Variations]"
Add component (AddParameter): Name = "规格型号"; Value = "S2.54-3P"; VariantName = "[No Variations]"
Add component (AddParameter): Name = "货品编码"; Value = "372015"; VariantName = "[No Variations]"
Added Component: Designator=J10(J-SH2.0-T-1-LT-2A_立式)
Add component. Clean all parameters for all variants
Added Component: Designator=J11(XH2.54-2p)
Add component. Clean all parameters for all variants
Add component (AddParameter): Name = "供应商"; Value = ""; VariantName = "[No Variations]"
Add component (AddParameter): Name = "备注"; Value = ""; VariantName = "[No Variations]"
Add component (AddParameter): Name = "生产商"; Value = ""; VariantName = "[No Variations]"
Add component (AddParameter): Name = "规格型号"; Value = "XH2.54-2P"; VariantName = "[No Variations]"
Add component (AddParameter): Name = "货品编码"; Value = "371007"; VariantName = "[No Variations]"
Added Component: Designator=J12(J-SH1.27-2)
Add component. Clean all parameters for all variants
Add component (AddParameter): Name = "供应商"; Value = ""; VariantName = "[No Variations]"
Add component (AddParameter): Name = "备注"; Value = ""; VariantName = "[No Variations]"
Add component (AddParameter): Name = "生产商"; Value = ""; VariantName = "[No Variations]"
Add component (AddParameter): Name = "规格型号"; Value = "XH2.54-2P"; VariantName = "[No Variations]"
Add component (AddParameter): Name = "货品编码"; Value = "371007"; VariantName = "[No Variations]"
Added Component: Designator=J13(J-SH2.0-T-1-LT-2A_立式)
Add component. Clean all parameters for all variants
Added Component: Designator=J14(J-SH2.0-T-1-LT-2A_立式)
Add component. Clean all parameters for all variants
Added Component: Designator=J15(J-SH1.27-2)
Add component. Clean all parameters for all variants
Add component (AddParameter): Name = "供应商"; Value = ""; VariantName = "[No Variations]"
Add component (AddParameter): Name = "备注"; Value = ""; VariantName = "[No Variations]"
Add component (AddParameter): Name = "生产商"; Value = ""; VariantName = "[No Variations]"
Add component (AddParameter): Name = "规格型号"; Value = "XH2.54-2P"; VariantName = "[No Variations]"
Add component (AddParameter): Name = "货品编码"; Value = "371007"; VariantName = "[No Variations]"
Added Component: Designator=J16(J-SH2.0-T-1-LT-2A_立式)
Add component. Clean all parameters for all variants
Added Component: Designator=J17(S1.25-2P)
Add component. Clean all parameters for all variants
Add component (AddParameter): Name = "供应商"; Value = ""; VariantName = "[No Variations]"
Add component (AddParameter): Name = "备注"; Value = ""; VariantName = "[No Variations]"
Add component (AddParameter): Name = "生产商"; Value = ""; VariantName = "[No Variations]"
Add component (AddParameter): Name = "规格型号"; Value = "XH2.54-2P"; VariantName = "[No Variations]"
Add component (AddParameter): Name = "货品编码"; Value = "371007"; VariantName = "[No Variations]"
Added Component: Designator=R1(R0603)
Add component. Clean all parameters for all variants
Add component (AddParameter): Name = "供应商"; Value = ""; VariantName = "[No Variations]"
Add component (AddParameter): Name = "备注"; Value = ""; VariantName = "[No Variations]"
Add component (AddParameter): Name = "生产商"; Value = "厚声 国巨"; VariantName = "[No Variations]"
Add component (AddParameter): Name = "规格型号"; Value = "100R±5%_1W_±100ppm_AXIAL0.6"; VariantName = "[No Variations]"
Add component (AddParameter): Name = "货品编码"; Value = "312145"; VariantName = "[No Variations]"
Added Component: Designator=R2(R0603)
Add component. Clean all parameters for all variants
Add component (AddParameter): Name = "供应商"; Value = ""; VariantName = "[No Variations]"
Add component (AddParameter): Name = "备注"; Value = ""; VariantName = "[No Variations]"
Add component (AddParameter): Name = "生产商"; Value = "厚声 国巨"; VariantName = "[No Variations]"
Add component (AddParameter): Name = "规格型号"; Value = "100R±5%_1W_±100ppm_AXIAL0.6"; VariantName = "[No Variations]"
Add component (AddParameter): Name = "货品编码"; Value = "312145"; VariantName = "[No Variations]"
Added Component: Designator=R3(R0603)
Add component. Clean all parameters for all variants
Add component (AddParameter): Name = "供应商"; Value = ""; VariantName = "[No Variations]"
Add component (AddParameter): Name = "备注"; Value = ""; VariantName = "[No Variations]"
Add component (AddParameter): Name = "生产商"; Value = "厚声 国巨"; VariantName = "[No Variations]"
Add component (AddParameter): Name = "规格型号"; Value = "100R±5%_1W_±100ppm_AXIAL0.6"; VariantName = "[No Variations]"
Add component (AddParameter): Name = "货品编码"; Value = "312145"; VariantName = "[No Variations]"
Added Component: Designator=R4(R0603)
Add component. Clean all parameters for all variants
Add component (AddParameter): Name = "供应商"; Value = ""; VariantName = "[No Variations]"
Add component (AddParameter): Name = "备注"; Value = ""; VariantName = "[No Variations]"
Add component (AddParameter): Name = "生产商"; Value = "厚声 国巨"; VariantName = "[No Variations]"
Add component (AddParameter): Name = "规格型号"; Value = "100R±5%_1W_±100ppm_AXIAL0.6"; VariantName = "[No Variations]"
Add component (AddParameter): Name = "货品编码"; Value = "312145"; VariantName = "[No Variations]"
Added Component: Designator=R5(R0603)
Add component. Clean all parameters for all variants
Add component (AddParameter): Name = "供应商"; Value = ""; VariantName = "[No Variations]"
Add component (AddParameter): Name = "备注"; Value = ""; VariantName = "[No Variations]"
Add component (AddParameter): Name = "生产商"; Value = "厚声 国巨"; VariantName = "[No Variations]"
Add component (AddParameter): Name = "规格型号"; Value = "100R±5%_1W_±100ppm_AXIAL0.6"; VariantName = "[No Variations]"
Add component (AddParameter): Name = "货品编码"; Value = "312145"; VariantName = "[No Variations]"
Added Component: Designator=R6(R0603)
Add component. Clean all parameters for all variants
Add component (AddParameter): Name = "供应商"; Value = ""; VariantName = "[No Variations]"
Add component (AddParameter): Name = "备注"; Value = ""; VariantName = "[No Variations]"
Add component (AddParameter): Name = "生产商"; Value = "厚声 国巨"; VariantName = "[No Variations]"
Add component (AddParameter): Name = "规格型号"; Value = "100R±5%_1W_±100ppm_AXIAL0.6"; VariantName = "[No Variations]"
Add component (AddParameter): Name = "货品编码"; Value = "312145"; VariantName = "[No Variations]"
Added Component: Designator=R7(R0603)
Add component. Clean all parameters for all variants
Add component (AddParameter): Name = "供应商"; Value = ""; VariantName = "[No Variations]"
Add component (AddParameter): Name = "备注"; Value = ""; VariantName = "[No Variations]"
Add component (AddParameter): Name = "生产商"; Value = "厚声 国巨"; VariantName = "[No Variations]"
Add component (AddParameter): Name = "规格型号"; Value = "100R±5%_1W_±100ppm_AXIAL0.6"; VariantName = "[No Variations]"
Add component (AddParameter): Name = "货品编码"; Value = "312145"; VariantName = "[No Variations]"
Added Component: Designator=R8(R0603)
Add component. Clean all parameters for all variants
Add component (AddParameter): Name = "供应商"; Value = ""; VariantName = "[No Variations]"
Add component (AddParameter): Name = "备注"; Value = ""; VariantName = "[No Variations]"
Add component (AddParameter): Name = "生产商"; Value = "厚声 国巨"; VariantName = "[No Variations]"
Add component (AddParameter): Name = "规格型号"; Value = "100R±5%_1W_±100ppm_AXIAL0.6"; VariantName = "[No Variations]"
Add component (AddParameter): Name = "货品编码"; Value = "312145"; VariantName = "[No Variations]"
Added Component: Designator=R9(R0603)
Add component. Clean all parameters for all variants
Add component (AddParameter): Name = "供应商"; Value = ""; VariantName = "[No Variations]"
Add component (AddParameter): Name = "备注"; Value = ""; VariantName = "[No Variations]"
Add component (AddParameter): Name = "生产商"; Value = "厚声 国巨"; VariantName = "[No Variations]"
Add component (AddParameter): Name = "规格型号"; Value = "100R±1%_1/10W_±200ppm_R0603"; VariantName = "[No Variations]"
Add component (AddParameter): Name = "货品编码"; Value = ""; VariantName = "[No Variations]"
Added Component: Designator=R10(R0603)
Add component. Clean all parameters for all variants
Add component (AddParameter): Name = "供应商"; Value = ""; VariantName = "[No Variations]"
Add component (AddParameter): Name = "备注"; Value = ""; VariantName = "[No Variations]"
Add component (AddParameter): Name = "生产商"; Value = "厚声 国巨"; VariantName = "[No Variations]"
Add component (AddParameter): Name = "规格型号"; Value = "100R±1%_1/10W_±200ppm_R0603"; VariantName = "[No Variations]"
Add component (AddParameter): Name = "货品编码"; Value = ""; VariantName = "[No Variations]"
Added Component: Designator=R11(R0603)
Add component. Clean all parameters for all variants
Add component (AddParameter): Name = "供应商"; Value = ""; VariantName = "[No Variations]"
Add component (AddParameter): Name = "备注"; Value = ""; VariantName = "[No Variations]"
Add component (AddParameter): Name = "生产商"; Value = "厚声 国巨"; VariantName = "[No Variations]"
Add component (AddParameter): Name = "规格型号"; Value = "100R±1%_1/10W_±200ppm_R0603"; VariantName = "[No Variations]"
Add component (AddParameter): Name = "货品编码"; Value = ""; VariantName = "[No Variations]"
Added Component: Designator=R12(R0603)
Add component. Clean all parameters for all variants
Add component (AddParameter): Name = "供应商"; Value = ""; VariantName = "[No Variations]"
Add component (AddParameter): Name = "备注"; Value = ""; VariantName = "[No Variations]"
Add component (AddParameter): Name = "生产商"; Value = "厚声 国巨"; VariantName = "[No Variations]"
Add component (AddParameter): Name = "规格型号"; Value = "100R±1%_1/10W_±200ppm_R0603"; VariantName = "[No Variations]"
Add component (AddParameter): Name = "货品编码"; Value = ""; VariantName = "[No Variations]"
Added Component: Designator=R13(R0603)
Add component. Clean all parameters for all variants
Add component (AddParameter): Name = "供应商"; Value = ""; VariantName = "[No Variations]"
Add component (AddParameter): Name = "备注"; Value = ""; VariantName = "[No Variations]"
Add component (AddParameter): Name = "生产商"; Value = "厚声 国巨"; VariantName = "[No Variations]"
Add component (AddParameter): Name = "规格型号"; Value = "100R±1%_1/10W_±200ppm_R0603"; VariantName = "[No Variations]"
Add component (AddParameter): Name = "货品编码"; Value = ""; VariantName = "[No Variations]"
Added Component: Designator=R14(R0603)
Add component. Clean all parameters for all variants
Add component (AddParameter): Name = "供应商"; Value = ""; VariantName = "[No Variations]"
Add component (AddParameter): Name = "备注"; Value = ""; VariantName = "[No Variations]"
Add component (AddParameter): Name = "生产商"; Value = "厚声 国巨"; VariantName = "[No Variations]"
Add component (AddParameter): Name = "规格型号"; Value = "100R±1%_1/10W_±200ppm_R0603"; VariantName = "[No Variations]"
Add component (AddParameter): Name = "货品编码"; Value = ""; VariantName = "[No Variations]"
Added Component: Designator=R15(R0603)
Add component. Clean all parameters for all variants
Add component (AddParameter): Name = "供应商"; Value = ""; VariantName = "[No Variations]"
Add component (AddParameter): Name = "备注"; Value = ""; VariantName = "[No Variations]"
Add component (AddParameter): Name = "生产商"; Value = "厚声 国巨"; VariantName = "[No Variations]"
Add component (AddParameter): Name = "规格型号"; Value = "100R±1%_1/10W_±200ppm_R0603"; VariantName = "[No Variations]"
Add component (AddParameter): Name = "货品编码"; Value = ""; VariantName = "[No Variations]"
Added Component: Designator=R16(R0603)
Add component. Clean all parameters for all variants
Add component (AddParameter): Name = "供应商"; Value = ""; VariantName = "[No Variations]"
Add component (AddParameter): Name = "备注"; Value = ""; VariantName = "[No Variations]"
Add component (AddParameter): Name = "生产商"; Value = "厚声 国巨"; VariantName = "[No Variations]"
Add component (AddParameter): Name = "规格型号"; Value = "100R±1%_1/10W_±200ppm_R0603"; VariantName = "[No Variations]"
Add component (AddParameter): Name = "货品编码"; Value = ""; VariantName = "[No Variations]"
Added Component: Designator=R17(R0603)
Add component. Clean all parameters for all variants
Add component (AddParameter): Name = "供应商"; Value = ""; VariantName = "[No Variations]"
Add component (AddParameter): Name = "备注"; Value = ""; VariantName = "[No Variations]"
Add component (AddParameter): Name = "生产商"; Value = "厚声 国巨"; VariantName = "[No Variations]"
Add component (AddParameter): Name = "规格型号"; Value = "100R±1%_1/10W_±200ppm_R0603"; VariantName = "[No Variations]"
Add component (AddParameter): Name = "货品编码"; Value = ""; VariantName = "[No Variations]"
Added Component: Designator=U1(SOT-223)
Add component. Clean all parameters for all variants
Add component (AddParameter): Name = "单价"; Value = "0.15"; VariantName = "[No Variations]"
Added Component: Designator=U2(LQFP48)
Add component. Clean all parameters for all variants
Added Component: Designator=U3(SO-8)
Add component. Clean all parameters for all variants
Added Component: Designator=U4(SO-8)
Add component. Clean all parameters for all variants
Added Component: Designator=U5(SO-8)
Add component. Clean all parameters for all variants
Added Component: Designator=U6(SO-8)
Add component. Clean all parameters for all variants
Added Pin To Net: NetName=3.3V_VCC Pin=C9-2
Added Pin To Net: NetName=3.3V_VCC Pin=C10-2
Added Pin To Net: NetName=3.3V_VCC Pin=C14-1
Added Pin To Net: NetName=3.3V_VCC Pin=C15-2
Added Pin To Net: NetName=3.3V_VCC Pin=C16-1
Added Pin To Net: NetName=3.3V_VCC Pin=J5-3
Added Pin To Net: NetName=3.3V_VCC Pin=J12-2
Added Pin To Net: NetName=3.3V_VCC Pin=J15-2
Added Pin To Net: NetName=3.3V_VCC Pin=R11-2
Added Pin To Net: NetName=3.3V_VCC Pin=U1-2
Added Pin To Net: NetName=3.3V_VCC Pin=U1-2
Added Pin To Net: NetName=3.3V_VCC Pin=U2-41
Added Pin To Net: NetName=3.3V_VCC Pin=U2-42
Added Net: Name=3.3V_VCC
Added Pin To Net: NetName=5V_VCC Pin=C11-1
Added Pin To Net: NetName=5V_VCC Pin=C12-1
Added Pin To Net: NetName=5V_VCC Pin=C13-1
Added Pin To Net: NetName=5V_VCC Pin=C19-1
Added Pin To Net: NetName=5V_VCC Pin=C22-1
Added Pin To Net: NetName=5V_VCC Pin=C25-1
Added Pin To Net: NetName=5V_VCC Pin=C27-1
Added Pin To Net: NetName=5V_VCC Pin=D1-1
Added Pin To Net: NetName=5V_VCC Pin=J1-1
Added Pin To Net: NetName=5V_VCC Pin=J4-1
Added Pin To Net: NetName=5V_VCC Pin=J5-4
Added Pin To Net: NetName=5V_VCC Pin=J8-1
Added Pin To Net: NetName=5V_VCC Pin=J11-2
Added Pin To Net: NetName=5V_VCC Pin=U1-3
Added Pin To Net: NetName=5V_VCC Pin=U3-4
Added Pin To Net: NetName=5V_VCC Pin=U4-4
Added Pin To Net: NetName=5V_VCC Pin=U5-4
Added Pin To Net: NetName=5V_VCC Pin=U6-4
Added Net: Name=5V_VCC
Added Pin To Net: NetName=DM Pin=D3-2
Added Pin To Net: NetName=DM Pin=J8-2
Added Pin To Net: NetName=DM Pin=U2-32
Added Net: Name=DM
Added Pin To Net: NetName=DP Pin=D4-2
Added Pin To Net: NetName=DP Pin=J8-3
Added Pin To Net: NetName=DP Pin=U2-31
Added Net: Name=DP
Added Pin To Net: NetName=GND Pin=C1-2
Added Pin To Net: NetName=GND Pin=C2-2
Added Pin To Net: NetName=GND Pin=C3-2
Added Pin To Net: NetName=GND Pin=C4-2
Added Pin To Net: NetName=GND Pin=C5-2
Added Pin To Net: NetName=GND Pin=C6-2
Added Pin To Net: NetName=GND Pin=C7-2
Added Pin To Net: NetName=GND Pin=C8-2
Added Pin To Net: NetName=GND Pin=C9-1
Added Pin To Net: NetName=GND Pin=C10-1
Added Pin To Net: NetName=GND Pin=C11-2
Added Pin To Net: NetName=GND Pin=C12-2
Added Pin To Net: NetName=GND Pin=C13-2
Added Pin To Net: NetName=GND Pin=C14-2
Added Pin To Net: NetName=GND Pin=C15-1
Added Pin To Net: NetName=GND Pin=C16-2
Added Pin To Net: NetName=GND Pin=C17-1
Added Pin To Net: NetName=GND Pin=C18-1
Added Pin To Net: NetName=GND Pin=C19-2
Added Pin To Net: NetName=GND Pin=C20-2
Added Pin To Net: NetName=GND Pin=C21-1
Added Pin To Net: NetName=GND Pin=C22-2
Added Pin To Net: NetName=GND Pin=C23-2
Added Pin To Net: NetName=GND Pin=C24-1
Added Pin To Net: NetName=GND Pin=C25-2
Added Pin To Net: NetName=GND Pin=C26-2
Added Pin To Net: NetName=GND Pin=C27-2
Added Pin To Net: NetName=GND Pin=C28-2
Added Pin To Net: NetName=GND Pin=D1-2
Added Pin To Net: NetName=GND Pin=D2-2
Added Pin To Net: NetName=GND Pin=D3-1
Added Pin To Net: NetName=GND Pin=D4-1
Added Pin To Net: NetName=GND Pin=J1-4
Added Pin To Net: NetName=GND Pin=J4-4
Added Pin To Net: NetName=GND Pin=J6-2
Added Pin To Net: NetName=GND Pin=J7-2
Added Pin To Net: NetName=GND Pin=J8-4
Added Pin To Net: NetName=GND Pin=J9-3
Added Pin To Net: NetName=GND Pin=J10-3
Added Pin To Net: NetName=GND Pin=J10-4
Added Pin To Net: NetName=GND Pin=J11-1
Added Pin To Net: NetName=GND Pin=J13-3
Added Pin To Net: NetName=GND Pin=J13-4
Added Pin To Net: NetName=GND Pin=J14-3
Added Pin To Net: NetName=GND Pin=J14-4
Added Pin To Net: NetName=GND Pin=J16-3
Added Pin To Net: NetName=GND Pin=J16-4
Added Pin To Net: NetName=GND Pin=J17-1
Added Pin To Net: NetName=GND Pin=U1-1
Added Pin To Net: NetName=GND Pin=U2-18
Added Pin To Net: NetName=GND Pin=U3-6
Added Pin To Net: NetName=GND Pin=U3-7
Added Pin To Net: NetName=GND Pin=U4-6
Added Pin To Net: NetName=GND Pin=U4-7
Added Pin To Net: NetName=GND Pin=U5-6
Added Pin To Net: NetName=GND Pin=U5-7
Added Pin To Net: NetName=GND Pin=U6-6
Added Pin To Net: NetName=GND Pin=U6-7
Added Net: Name=GND
Added Pin To Net: NetName=INA1 Pin=U2-46
Added Pin To Net: NetName=INA1 Pin=U4-2
Added Net: Name=INA1
Added Pin To Net: NetName=INA2 Pin=U2-44
Added Pin To Net: NetName=INA2 Pin=U6-2
Added Net: Name=INA2
Added Pin To Net: NetName=INA3 Pin=U2-21
Added Pin To Net: NetName=INA3 Pin=U3-2
Added Net: Name=INA3
Added Pin To Net: NetName=INA4 Pin=U2-23
Added Pin To Net: NetName=INA4 Pin=U5-2
Added Net: Name=INA4
Added Pin To Net: NetName=INB1 Pin=U2-45
Added Pin To Net: NetName=INB1 Pin=U4-3
Added Net: Name=INB1
Added Pin To Net: NetName=INB2 Pin=U2-43
Added Pin To Net: NetName=INB2 Pin=U6-3
Added Net: Name=INB2
Added Pin To Net: NetName=INB3 Pin=U2-22
Added Pin To Net: NetName=INB3 Pin=U3-3
Added Net: Name=INB3
Added Pin To Net: NetName=INB4 Pin=U2-24
Added Pin To Net: NetName=INB4 Pin=U5-3
Added Net: Name=INB4
Added Pin To Net: NetName=NetD2_1 Pin=D2-1
Added Pin To Net: NetName=NetD2_1 Pin=R11-1
Added Net: Name=NetD2_1
Added Pin To Net: NetName=NetJ1_2 Pin=J1-2
Added Pin To Net: NetName=NetJ1_2 Pin=R1-2
Added Net: Name=NetJ1_2
Added Pin To Net: NetName=NetJ1_3 Pin=J1-3
Added Pin To Net: NetName=NetJ1_3 Pin=R5-2
Added Net: Name=NetJ1_3
Added Pin To Net: NetName=NetJ2_2 Pin=R2-2
Added Net: Name=NetJ2_2
Added Pin To Net: NetName=NetJ2_3 Pin=R6-2
Added Net: Name=NetJ2_3
Added Pin To Net: NetName=NetJ3_2 Pin=R3-2
Added Net: Name=NetJ3_2
Added Pin To Net: NetName=NetJ3_3 Pin=R7-2
Added Net: Name=NetJ3_3
Added Pin To Net: NetName=NetJ4_2 Pin=J4-2
Added Pin To Net: NetName=NetJ4_2 Pin=R4-2
Added Net: Name=NetJ4_2
Added Pin To Net: NetName=NetJ4_3 Pin=J4-3
Added Pin To Net: NetName=NetJ4_3 Pin=R8-2
Added Net: Name=NetJ4_3
Added Pin To Net: NetName=NetJ5_1 Pin=J5-1
Added Pin To Net: NetName=NetJ5_1 Pin=R10-1
Added Net: Name=NetJ5_1
Added Pin To Net: NetName=NetJ5_2 Pin=J5-2
Added Pin To Net: NetName=NetJ5_2 Pin=R9-1
Added Net: Name=NetJ5_2
Added Pin To Net: NetName=NetJ6_1 Pin=J6-1
Added Pin To Net: NetName=NetJ6_1 Pin=R12-2
Added Net: Name=NetJ6_1
Added Pin To Net: NetName=NetJ7_1 Pin=J7-1
Added Pin To Net: NetName=NetJ7_1 Pin=R13-2
Added Net: Name=NetJ7_1
Added Pin To Net: NetName=NetJ9_1 Pin=J9-1
Added Pin To Net: NetName=NetJ9_1 Pin=R15-1
Added Net: Name=NetJ9_1
Added Pin To Net: NetName=NetJ9_2 Pin=J9-2
Added Pin To Net: NetName=NetJ9_2 Pin=R14-1
Added Net: Name=NetJ9_2
Added Pin To Net: NetName=NetJ12_1 Pin=J12-1
Added Pin To Net: NetName=NetJ12_1 Pin=R16-1
Added Net: Name=NetJ12_1
Added Pin To Net: NetName=NetJ15_1 Pin=J15-1
Added Pin To Net: NetName=NetJ15_1 Pin=R17-1
Added Net: Name=NetJ15_1
Added Pin To Net: NetName=NetJ17_2 Pin=J17-2
Added Pin To Net: NetName=NetJ17_2 Pin=U2-16
Added Net: Name=NetJ17_2
Added Pin To Net: NetName=NetR9_2 Pin=R9-2
Added Pin To Net: NetName=NetR9_2 Pin=U2-47
Added Net: Name=NetR9_2
Added Pin To Net: NetName=NetR10_2 Pin=R10-2
Added Pin To Net: NetName=NetR10_2 Pin=U2-48
Added Net: Name=NetR10_2
Added Pin To Net: NetName=NetR12_1 Pin=R12-1
Added Pin To Net: NetName=NetR12_1 Pin=U2-36
Added Net: Name=NetR12_1
Added Pin To Net: NetName=NetR13_1 Pin=R13-1
Added Pin To Net: NetName=NetR13_1 Pin=U2-35
Added Net: Name=NetR13_1
Added Pin To Net: NetName=NetR14_2 Pin=R14-2
Added Pin To Net: NetName=NetR14_2 Pin=U2-4
Added Net: Name=NetR14_2
Added Pin To Net: NetName=NetR15_2 Pin=R15-2
Added Pin To Net: NetName=NetR15_2 Pin=U2-7
Added Net: Name=NetR15_2
Added Pin To Net: NetName=NetR16_2 Pin=R16-2
Added Pin To Net: NetName=NetR16_2 Pin=U2-14
Added Net: Name=NetR16_2
Added Pin To Net: NetName=NetR17_2 Pin=R17-2
Added Pin To Net: NetName=NetR17_2 Pin=U2-15
Added Net: Name=NetR17_2
Added Pin To Net: NetName=OUTA1 Pin=C18-2
Added Pin To Net: NetName=OUTA1 Pin=J14-2
Added Pin To Net: NetName=OUTA1 Pin=U4-8
Added Net: Name=OUTA1
Added Pin To Net: NetName=OUTA2 Pin=C24-2
Added Pin To Net: NetName=OUTA2 Pin=J16-2
Added Pin To Net: NetName=OUTA2 Pin=U6-8
Added Net: Name=OUTA2
Added Pin To Net: NetName=OUTA3 Pin=C17-2
Added Pin To Net: NetName=OUTA3 Pin=J10-2
Added Pin To Net: NetName=OUTA3 Pin=U3-8
Added Net: Name=OUTA3
Added Pin To Net: NetName=OUTA4 Pin=C21-2
Added Pin To Net: NetName=OUTA4 Pin=J13-2
Added Pin To Net: NetName=OUTA4 Pin=U5-8
Added Net: Name=OUTA4
Added Pin To Net: NetName=OUTB1 Pin=C23-1
Added Pin To Net: NetName=OUTB1 Pin=J14-1
Added Pin To Net: NetName=OUTB1 Pin=U4-5
Added Net: Name=OUTB1
Added Pin To Net: NetName=OUTB2 Pin=C28-1
Added Pin To Net: NetName=OUTB2 Pin=J16-1
Added Pin To Net: NetName=OUTB2 Pin=U6-5
Added Net: Name=OUTB2
Added Pin To Net: NetName=OUTB3 Pin=C20-1
Added Pin To Net: NetName=OUTB3 Pin=J10-1
Added Pin To Net: NetName=OUTB3 Pin=U3-5
Added Net: Name=OUTB3
Added Pin To Net: NetName=OUTB4 Pin=C26-1
Added Pin To Net: NetName=OUTB4 Pin=J13-1
Added Pin To Net: NetName=OUTB4 Pin=U5-5
Added Net: Name=OUTB4
Added Pin To Net: NetName=P00 Pin=C5-1
Added Pin To Net: NetName=P00 Pin=R3-1
Added Pin To Net: NetName=P00 Pin=U2-40
Added Net: Name=P00
Added Pin To Net: NetName=P01 Pin=C6-1
Added Pin To Net: NetName=P01 Pin=R7-1
Added Pin To Net: NetName=P01 Pin=U2-39
Added Net: Name=P01
Added Pin To Net: NetName=P02 Pin=C3-1
Added Pin To Net: NetName=P02 Pin=R2-1
Added Pin To Net: NetName=P02 Pin=U2-38
Added Net: Name=P02
Added Pin To Net: NetName=P03 Pin=C4-1
Added Pin To Net: NetName=P03 Pin=R6-1
Added Pin To Net: NetName=P03 Pin=U2-37
Added Net: Name=P03
Added Pin To Net: NetName=P16 Pin=C1-1
Added Pin To Net: NetName=P16 Pin=R1-1
Added Pin To Net: NetName=P16 Pin=U2-1
Added Net: Name=P16
Added Pin To Net: NetName=P17 Pin=C2-1
Added Pin To Net: NetName=P17 Pin=R5-1
Added Pin To Net: NetName=P17 Pin=U2-2
Added Net: Name=P17
Added Pin To Net: NetName=P24 Pin=C7-1
Added Pin To Net: NetName=P24 Pin=R4-1
Added Pin To Net: NetName=P24 Pin=U2-25
Added Net: Name=P24
Added Pin To Net: NetName=P25 Pin=C8-1
Added Pin To Net: NetName=P25 Pin=R8-1
Added Pin To Net: NetName=P25 Pin=U2-26
Added Net: Name=P25
Added Class: Name=ch559
